# JRE version: OpenJDK Runtime Environment (17.0.9) (build 17.0.9+0--11185874)
# Java VM: OpenJDK 64-Bit Server VM (17.0.9+0--11185874, mixed mode, tiered, compressed oops, compressed class ptrs, g1 gc, windows-amd64)
GC Precious Log:
 CPUs: 8 total, 8 available
 Memory: 12077M
 Large Page Support: Disabled
 NUMA Support: Disabled
 Compressed Oops: Enabled (Zero based)
 Heap Region Size: 2M
 Heap Min Capacity: 8M
 Heap Initial Capacity: 190M
 Heap Max Capacity: 3020M
 Pre-touch: Disabled
 Parallel Workers: 8
 Concurrent Workers: 2
 Concurrent Refinement Workers: 8
 Periodic GC: Disabled
Heap:
 garbage-first heap   total 155648K, used 103236K [0x0000000743400000, 0x0000000800000000)
  region size 2048K, 15 young (30720K), 3 survivors (6144K)
 Metaspace       used 81810K, committed 82112K, reserved 1179648K
  class space    used 9141K, committed 9280K, reserved 1048576K
GC Heap History (20 events):
Event: 8.818 GC heap before
{Heap before GC invocations=14 (full 0):
 garbage-first heap   total 92160K, used 67810K [0x0000000743400000, 0x0000000800000000)
  region size 2048K, 16 young (32768K), 2 survivors (4096K)
 Metaspace       used 56834K, committed 57024K, reserved 1114112K
  class space    used 6775K, committed 6848K, reserved 1048576K
}
Event: 8.842 GC heap after
{Heap after GC invocations=15 (full 0):
 garbage-first heap   total 92160K, used 44890K [0x0000000743400000, 0x0000000800000000)
  region size 2048K, 2 young (4096K), 2 survivors (4096K)
 Metaspace       used 56834K, committed 57024K, reserved 1114112K
  class space    used 6775K, committed 6848K, reserved 1048576K
}
Event: 9.035 GC heap before
{Heap before GC invocations=15 (full 0):
 garbage-first heap   total 92160K, used 67418K [0x0000000743400000, 0x0000000800000000)
  region size 2048K, 13 young (26624K), 2 survivors (4096K)
 Metaspace       used 57035K, committed 57280K, reserved 1114112K
  class space    used 6800K, committed 6912K, reserved 1048576K
}
Event: 9.047 GC heap after
{Heap after GC invocations=16 (full 0):
 garbage-first heap   total 92160K, used 46128K [0x0000000743400000, 0x0000000800000000)
  region size 2048K, 1 young (2048K), 1 survivors (2048K)
 Metaspace       used 57035K, committed 57280K, reserved 1114112K
  class space    used 6800K, committed 6912K, reserved 1048576K
}
Event: 9.172 GC heap before
{Heap before GC invocations=17 (full 0):
 garbage-first heap   total 106496K, used 68656K [0x0000000743400000, 0x0000000800000000)
  region size 2048K, 12 young (24576K), 1 survivors (2048K)
 Metaspace       used 57035K, committed 57280K, reserved 1114112K
  class space    used 6800K, committed 6912K, reserved 1048576K
}
Event: 9.175 GC heap after
{Heap after GC invocations=18 (full 0):
 garbage-first heap   total 106496K, used 46046K [0x0000000743400000, 0x0000000800000000)
  region size 2048K, 1 young (2048K), 1 survivors (2048K)
 Metaspace       used 57035K, committed 57280K, reserved 1114112K
  class space    used 6800K, committed 6912K, reserved 1048576K
}
Event: 10.863 GC heap before
{Heap before GC invocations=18 (full 0):
 garbage-first heap   total 106496K, used 78814K [0x0000000743400000, 0x0000000800000000)
  region size 2048K, 17 young (34816K), 1 survivors (2048K)
 Metaspace       used 59829K, committed 60096K, reserved 1114112K
  class space    used 7100K, committed 7232K, reserved 1048576K
}
Event: 10.876 GC heap after
{Heap after GC invocations=19 (full 0):
 garbage-first heap   total 106496K, used 49240K [0x0000000743400000, 0x0000000800000000)
  region size 2048K, 2 young (4096K), 2 survivors (4096K)
 Metaspace       used 59829K, committed 60096K, reserved 1114112K
  class space    used 7100K, committed 7232K, reserved 1048576K
}
Event: 12.416 GC heap before
{Heap before GC invocations=19 (full 0):
 garbage-first heap   total 106496K, used 77912K [0x0000000743400000, 0x0000000800000000)
  region size 2048K, 17 young (34816K), 2 survivors (4096K)
 Metaspace       used 61740K, committed 62080K, reserved 1114112K
  class space    used 7236K, committed 7424K, reserved 1048576K
}
Event: 12.435 GC heap after
{Heap after GC invocations=20 (full 0):
 garbage-first heap   total 106496K, used 53822K [0x0000000743400000, 0x0000000800000000)
  region size 2048K, 3 young (6144K), 3 survivors (6144K)
 Metaspace       used 61740K, committed 62080K, reserved 1114112K
  class space    used 7236K, committed 7424K, reserved 1048576K
}
Event: 14.553 GC heap before
{Heap before GC invocations=20 (full 0):
 garbage-first heap   total 106496K, used 80446K [0x0000000743400000, 0x0000000800000000)
  region size 2048K, 16 young (32768K), 3 survivors (6144K)
 Metaspace       used 63028K, committed 63296K, reserved 1114112K
  class space    used 7276K, committed 7424K, reserved 1048576K
}
Event: 14.571 GC heap after
{Heap after GC invocations=21 (full 0):
 garbage-first heap   total 155648K, used 57334K [0x0000000743400000, 0x0000000800000000)
  region size 2048K, 2 young (4096K), 2 survivors (4096K)
 Metaspace       used 63028K, committed 63296K, reserved 1114112K
  class space    used 7276K, committed 7424K, reserved 1048576K
}
Event: 18.363 GC heap before
{Heap before GC invocations=22 (full 0):
 garbage-first heap   total 155648K, used 118774K [0x0000000743400000, 0x0000000800000000)
  region size 2048K, 32 young (65536K), 2 survivors (4096K)
 Metaspace       used 65493K, committed 65856K, reserved 1114112K
  class space    used 7518K, committed 7680K, reserved 1048576K
}
Event: 18.377 GC heap after
{Heap after GC invocations=23 (full 0):
 garbage-first heap   total 155648K, used 62558K [0x0000000743400000, 0x0000000800000000)
  region size 2048K, 4 young (8192K), 4 survivors (8192K)
 Metaspace       used 65493K, committed 65856K, reserved 1114112K
  class space    used 7518K, committed 7680K, reserved 1048576K
}
Event: 20.487 GC heap before
{Heap before GC invocations=23 (full 0):
 garbage-first heap   total 155648K, used 117854K [0x0000000743400000, 0x0000000800000000)
  region size 2048K, 31 young (63488K), 4 survivors (8192K)
 Metaspace       used 71584K, committed 71872K, reserved 1114112K
  class space    used 8115K, committed 8256K, reserved 1048576K
}
Event: 20.517 GC heap after
{Heap after GC invocations=24 (full 0):
 garbage-first heap   total 155648K, used 68672K [0x0000000743400000, 0x0000000800000000)
  region size 2048K, 3 young (6144K), 3 survivors (6144K)
 Metaspace       used 71584K, committed 71872K, reserved 1114112K
  class space    used 8115K, committed 8256K, reserved 1048576K
}
Event: 22.375 GC heap before
{Heap before GC invocations=24 (full 0):
 garbage-first heap   total 155648K, used 117824K [0x0000000743400000, 0x0000000800000000)
  region size 2048K, 28 young (57344K), 3 survivors (6144K)
 Metaspace       used 76478K, committed 76800K, reserved 1179648K
  class space    used 8600K, committed 8768K, reserved 1048576K
}
Event: 22.394 GC heap after
{Heap after GC invocations=25 (full 0):
 garbage-first heap   total 155648K, used 75826K [0x0000000743400000, 0x0000000800000000)
  region size 2048K, 4 young (8192K), 4 survivors (8192K)
 Metaspace       used 76478K, committed 76800K, reserved 1179648K
  class space    used 8600K, committed 8768K, reserved 1048576K
}
Event: 23.571 GC heap before
{Heap before GC invocations=25 (full 0):
 garbage-first heap   total 155648K, used 118834K [0x0000000743400000, 0x0000000800000000)
  region size 2048K, 25 young (51200K), 4 survivors (8192K)
 Metaspace       used 81285K, committed 81600K, reserved 1179648K
  class space    used 9101K, committed 9280K, reserved 1048576K
}
Event: 23.590 GC heap after
{Heap after GC invocations=26 (full 0):
 garbage-first heap   total 155648K, used 80708K [0x0000000743400000, 0x0000000800000000)
  region size 2048K, 3 young (6144K), 3 survivors (6144K)
 Metaspace       used 81285K, committed 81600K, reserved 1179648K
  class space    used 9101K, committed 9280K, reserved 1048576K
}

