# JRE version: OpenJDK Runtime Environment (17.0.9) (build 17.0.9+0--11185874)
# Java VM: OpenJDK 64-Bit Server VM (17.0.9+0--11185874, mixed mode, tiered, compressed oops, compressed class ptrs, g1 gc, windows-amd64)
GC Precious Log:
 CPUs: 8 total, 8 available
 Memory: 12077M
 Large Page Support: Disabled
 NUMA Support: Disabled
 Compressed Oops: Enabled (Zero based)
 Heap Region Size: 2M
 Heap Min Capacity: 8M
 Heap Initial Capacity: 190M
 Heap Max Capacity: 3020M
 Pre-touch: Disabled
 Parallel Workers: 8
 Concurrent Workers: 2
 Concurrent Refinement Workers: 8
 Periodic GC: Disabled
Heap:
 garbage-first heap   total 157696K, used 82927K [0x0000000743400000, 0x0000000800000000)
  region size 2048K, 1 young (2048K), 1 survivors (2048K)
 Metaspace       used 85091K, committed 85440K, reserved 1179648K
  class space    used 9393K, committed 9536K, reserved 1048576K
GC Heap History (20 events):
Event: 11.350 GC heap after
{Heap after GC invocations=20 (full 0):
 garbage-first heap   total 106496K, used 53940K [0x0000000743400000, 0x0000000800000000)
  region size 2048K, 3 young (6144K), 3 survivors (6144K)
 Metaspace       used 61748K, committed 62080K, reserved 1114112K
  class space    used 7242K, committed 7424K, reserved 1048576K
}
Event: 13.516 GC heap before
{Heap before GC invocations=20 (full 0):
 garbage-first heap   total 106496K, used 80564K [0x0000000743400000, 0x0000000800000000)
  region size 2048K, 16 young (32768K), 3 survivors (6144K)
 Metaspace       used 62995K, committed 63296K, reserved 1114112K
  class space    used 7276K, committed 7424K, reserved 1048576K
}
Event: 13.530 GC heap after
{Heap after GC invocations=21 (full 0):
 garbage-first heap   total 155648K, used 57320K [0x0000000743400000, 0x0000000800000000)
  region size 2048K, 2 young (4096K), 2 survivors (4096K)
 Metaspace       used 62995K, committed 63296K, reserved 1114112K
  class space    used 7276K, committed 7424K, reserved 1048576K
}
Event: 17.398 GC heap before
{Heap before GC invocations=22 (full 0):
 garbage-first heap   total 155648K, used 118760K [0x0000000743400000, 0x0000000800000000)
  region size 2048K, 32 young (65536K), 2 survivors (4096K)
 Metaspace       used 65430K, committed 65728K, reserved 1114112K
  class space    used 7518K, committed 7680K, reserved 1048576K
}
Event: 17.415 GC heap after
{Heap after GC invocations=23 (full 0):
 garbage-first heap   total 155648K, used 62631K [0x0000000743400000, 0x0000000800000000)
  region size 2048K, 4 young (8192K), 4 survivors (8192K)
 Metaspace       used 65430K, committed 65728K, reserved 1114112K
  class space    used 7518K, committed 7680K, reserved 1048576K
}
Event: 19.494 GC heap before
{Heap before GC invocations=23 (full 0):
 garbage-first heap   total 155648K, used 117927K [0x0000000743400000, 0x0000000800000000)
  region size 2048K, 31 young (63488K), 4 survivors (8192K)
 Metaspace       used 71544K, committed 71872K, reserved 1114112K
  class space    used 8116K, committed 8256K, reserved 1048576K
}
Event: 19.515 GC heap after
{Heap after GC invocations=24 (full 0):
 garbage-first heap   total 155648K, used 69120K [0x0000000743400000, 0x0000000800000000)
  region size 2048K, 4 young (8192K), 4 survivors (8192K)
 Metaspace       used 71544K, committed 71872K, reserved 1114112K
  class space    used 8116K, committed 8256K, reserved 1048576K
}
Event: 21.247 GC heap before
{Heap before GC invocations=24 (full 0):
 garbage-first heap   total 155648K, used 118272K [0x0000000743400000, 0x0000000800000000)
  region size 2048K, 28 young (57344K), 4 survivors (8192K)
 Metaspace       used 75906K, committed 76224K, reserved 1179648K
  class space    used 8551K, committed 8704K, reserved 1048576K
}
Event: 21.272 GC heap after
{Heap after GC invocations=25 (full 0):
 garbage-first heap   total 155648K, used 75206K [0x0000000743400000, 0x0000000800000000)
  region size 2048K, 4 young (8192K), 4 survivors (8192K)
 Metaspace       used 75906K, committed 76224K, reserved 1179648K
  class space    used 8551K, committed 8704K, reserved 1048576K
}
Event: 22.457 GC heap before
{Heap before GC invocations=25 (full 0):
 garbage-first heap   total 155648K, used 118214K [0x0000000743400000, 0x0000000800000000)
  region size 2048K, 25 young (51200K), 4 survivors (8192K)
 Metaspace       used 81169K, committed 81536K, reserved 1179648K
  class space    used 9089K, committed 9280K, reserved 1048576K
}
Event: 22.476 GC heap after
{Heap after GC invocations=26 (full 0):
 garbage-first heap   total 155648K, used 80465K [0x0000000743400000, 0x0000000800000000)
  region size 2048K, 3 young (6144K), 3 survivors (6144K)
 Metaspace       used 81169K, committed 81536K, reserved 1179648K
  class space    used 9089K, committed 9280K, reserved 1048576K
}
Event: 23.152 GC heap before
{Heap before GC invocations=27 (full 0):
 garbage-first heap   total 155648K, used 121425K [0x0000000743400000, 0x0000000800000000)
  region size 2048K, 23 young (47104K), 3 survivors (6144K)
 Metaspace       used 81868K, committed 82176K, reserved 1179648K
  class space    used 9141K, committed 9280K, reserved 1048576K
}
Event: 23.165 GC heap after
{Heap after GC invocations=28 (full 0):
 garbage-first heap   total 155648K, used 81631K [0x0000000743400000, 0x0000000800000000)
  region size 2048K, 1 young (2048K), 1 survivors (2048K)
 Metaspace       used 81868K, committed 82176K, reserved 1179648K
  class space    used 9141K, committed 9280K, reserved 1048576K
}
Event: 23.215 GC heap before
{Heap before GC invocations=28 (full 0):
 garbage-first heap   total 155648K, used 85727K [0x0000000743400000, 0x0000000800000000)
  region size 2048K, 3 young (6144K), 1 survivors (2048K)
 Metaspace       used 81902K, committed 82176K, reserved 1179648K
  class space    used 9141K, committed 9280K, reserved 1048576K
}
Event: 23.222 GC heap after
{Heap after GC invocations=29 (full 0):
 garbage-first heap   total 155648K, used 82153K [0x0000000743400000, 0x0000000800000000)
  region size 2048K, 1 young (2048K), 1 survivors (2048K)
 Metaspace       used 81902K, committed 82176K, reserved 1179648K
  class space    used 9141K, committed 9280K, reserved 1048576K
}
Event: 23.749 GC heap before
{Heap before GC invocations=29 (full 0):
 garbage-first heap   total 155648K, used 125161K [0x0000000743400000, 0x0000000800000000)
  region size 2048K, 22 young (45056K), 1 survivors (2048K)
 Metaspace       used 82214K, committed 82496K, reserved 1179648K
  class space    used 9147K, committed 9280K, reserved 1048576K
}
Event: 23.759 GC heap after
{Heap after GC invocations=30 (full 0):
 garbage-first heap   total 155648K, used 83068K [0x0000000743400000, 0x0000000800000000)
  region size 2048K, 1 young (2048K), 1 survivors (2048K)
 Metaspace       used 82214K, committed 82496K, reserved 1179648K
  class space    used 9147K, committed 9280K, reserved 1048576K
}
Event: 24.868 GC heap before
{Heap before GC invocations=31 (full 0):
 garbage-first heap   total 157696K, used 128124K [0x0000000743400000, 0x0000000800000000)
  region size 2048K, 23 young (47104K), 1 survivors (2048K)
 Metaspace       used 84745K, committed 85056K, reserved 1179648K
  class space    used 9367K, committed 9536K, reserved 1048576K
}
Event: 24.878 GC heap after
{Heap after GC invocations=32 (full 0):
 garbage-first heap   total 157696K, used 84200K [0x0000000743400000, 0x0000000800000000)
  region size 2048K, 2 young (4096K), 2 survivors (4096K)
 Metaspace       used 84745K, committed 85056K, reserved 1179648K
  class space    used 9367K, committed 9536K, reserved 1048576K
}
Event: 25.012 GC heap before
{Heap before GC invocations=32 (full 0):
 garbage-first heap   total 157696K, used 86248K [0x0000000743400000, 0x0000000800000000)
  region size 2048K, 3 young (6144K), 2 survivors (4096K)
 Metaspace       used 85091K, committed 85440K, reserved 1179648K
  class space    used 9393K, committed 9536K, reserved 1048576K
}

