# JRE version: OpenJDK Runtime Environment (17.0.9) (build 17.0.9+0--11185874)
# Java VM: OpenJDK 64-Bit Server VM (17.0.9+0--11185874, mixed mode, tiered, compressed oops, compressed class ptrs, g1 gc, windows-amd64)
GC Precious Log:
 CPUs: 8 total, 8 available
 Memory: 12077M
 Large Page Support: Disabled
 NUMA Support: Disabled
 Compressed Oops: Enabled (Zero based)
 Heap Region Size: 2M
 Heap Min Capacity: 8M
 Heap Initial Capacity: 190M
 Heap Max Capacity: 3020M
 Pre-touch: Disabled
 Parallel Workers: 8
 Concurrent Workers: 2
 Concurrent Refinement Workers: 8
 Periodic GC: Disabled
Heap:
 garbage-first heap   total 194560K, used 81798K [0x0000000743400000, 0x0000000800000000)
  region size 2048K, 1 young (2048K), 1 survivors (2048K)
 Metaspace       used 84081K, committed 84416K, reserved 1179648K
  class space    used 9308K, committed 9472K, reserved 1048576K
GC Heap History (20 events):
Event: 20.917 GC heap after
{Heap after GC invocations=29 (full 0):
 garbage-first heap   total 112640K, used 66151K [0x0000000743400000, 0x0000000800000000)
  region size 2048K, 2 young (4096K), 2 survivors (4096K)
 Metaspace       used 71215K, committed 71552K, reserved 1114112K
  class space    used 8080K, committed 8256K, reserved 1048576K
}
Event: 21.741 GC heap before
{Heap before GC invocations=30 (full 0):
 garbage-first heap   total 120832K, used 88679K [0x0000000743400000, 0x0000000800000000)
  region size 2048K, 13 young (26624K), 2 survivors (4096K)
 Metaspace       used 71663K, committed 72000K, reserved 1114112K
  class space    used 8123K, committed 8256K, reserved 1048576K
}
Event: 21.762 GC heap after
{Heap after GC invocations=31 (full 0):
 garbage-first heap   total 120832K, used 70188K [0x0000000743400000, 0x0000000800000000)
  region size 2048K, 2 young (4096K), 2 survivors (4096K)
 Metaspace       used 71663K, committed 72000K, reserved 1114112K
  class space    used 8123K, committed 8256K, reserved 1048576K
}
Event: 22.698 GC heap before
{Heap before GC invocations=31 (full 0):
 garbage-first heap   total 120832K, used 96812K [0x0000000743400000, 0x0000000800000000)
  region size 2048K, 15 young (30720K), 2 survivors (4096K)
 Metaspace       used 73563K, committed 73920K, reserved 1114112K
  class space    used 8351K, committed 8512K, reserved 1048576K
}
Event: 22.720 GC heap after
{Heap after GC invocations=32 (full 0):
 garbage-first heap   total 145408K, used 74766K [0x0000000743400000, 0x0000000800000000)
  region size 2048K, 2 young (4096K), 2 survivors (4096K)
 Metaspace       used 73563K, committed 73920K, reserved 1114112K
  class space    used 8351K, committed 8512K, reserved 1048576K
}
Event: 24.115 GC heap before
{Heap before GC invocations=33 (full 0):
 garbage-first heap   total 145408K, used 111630K [0x0000000743400000, 0x0000000800000000)
  region size 2048K, 20 young (40960K), 2 survivors (4096K)
 Metaspace       used 79556K, committed 79872K, reserved 1179648K
  class space    used 8932K, committed 9088K, reserved 1048576K
}
Event: 24.125 GC heap after
{Heap after GC invocations=34 (full 0):
 garbage-first heap   total 145408K, used 78389K [0x0000000743400000, 0x0000000800000000)
  region size 2048K, 2 young (4096K), 2 survivors (4096K)
 Metaspace       used 79556K, committed 79872K, reserved 1179648K
  class space    used 8932K, committed 9088K, reserved 1048576K
}
Event: 24.198 GC heap before
{Heap before GC invocations=34 (full 0):
 garbage-first heap   total 145408K, used 80437K [0x0000000743400000, 0x0000000800000000)
  region size 2048K, 3 young (6144K), 2 survivors (4096K)
 Metaspace       used 79922K, committed 80256K, reserved 1179648K
  class space    used 8972K, committed 9152K, reserved 1048576K
}
Event: 24.208 GC heap after
{Heap after GC invocations=35 (full 0):
 garbage-first heap   total 145408K, used 78397K [0x0000000743400000, 0x0000000800000000)
  region size 2048K, 1 young (2048K), 1 survivors (2048K)
 Metaspace       used 79922K, committed 80256K, reserved 1179648K
  class space    used 8972K, committed 9152K, reserved 1048576K
}
Event: 24.930 GC heap before
{Heap before GC invocations=35 (full 0):
 garbage-first heap   total 145408K, used 113213K [0x0000000743400000, 0x0000000800000000)
  region size 2048K, 18 young (36864K), 1 survivors (2048K)
 Metaspace       used 81574K, committed 81920K, reserved 1179648K
  class space    used 9124K, committed 9280K, reserved 1048576K
}
Event: 24.940 GC heap after
{Heap after GC invocations=36 (full 0):
 garbage-first heap   total 145408K, used 81162K [0x0000000743400000, 0x0000000800000000)
  region size 2048K, 2 young (4096K), 2 survivors (4096K)
 Metaspace       used 81574K, committed 81920K, reserved 1179648K
  class space    used 9124K, committed 9280K, reserved 1048576K
}
Event: 25.476 GC heap before
{Heap before GC invocations=37 (full 0):
 garbage-first heap   total 147456K, used 115978K [0x0000000743400000, 0x0000000800000000)
  region size 2048K, 19 young (38912K), 2 survivors (4096K)
 Metaspace       used 81991K, committed 82304K, reserved 1179648K
  class space    used 9147K, committed 9280K, reserved 1048576K
}
Event: 25.485 GC heap after
{Heap after GC invocations=38 (full 0):
 garbage-first heap   total 147456K, used 81990K [0x0000000743400000, 0x0000000800000000)
  region size 2048K, 1 young (2048K), 1 survivors (2048K)
 Metaspace       used 81991K, committed 82304K, reserved 1179648K
  class space    used 9147K, committed 9280K, reserved 1048576K
}
Event: 25.521 GC heap before
{Heap before GC invocations=38 (full 0):
 garbage-first heap   total 147456K, used 86086K [0x0000000743400000, 0x0000000800000000)
  region size 2048K, 3 young (6144K), 1 survivors (2048K)
 Metaspace       used 82005K, committed 82304K, reserved 1179648K
  class space    used 9147K, committed 9280K, reserved 1048576K
}
Event: 25.527 GC heap after
{Heap after GC invocations=39 (full 0):
 garbage-first heap   total 147456K, used 81048K [0x0000000743400000, 0x0000000800000000)
  region size 2048K, 1 young (2048K), 1 survivors (2048K)
 Metaspace       used 82005K, committed 82304K, reserved 1179648K
  class space    used 9147K, committed 9280K, reserved 1048576K
}
Event: 25.976 GC heap before
{Heap before GC invocations=39 (full 0):
 garbage-first heap   total 147456K, used 117912K [0x0000000743400000, 0x0000000800000000)
  region size 2048K, 19 young (38912K), 1 survivors (2048K)
 Metaspace       used 82276K, committed 82624K, reserved 1179648K
  class space    used 9154K, committed 9344K, reserved 1048576K
}
Event: 25.984 GC heap after
{Heap after GC invocations=40 (full 0):
 garbage-first heap   total 147456K, used 81618K [0x0000000743400000, 0x0000000800000000)
  region size 2048K, 1 young (2048K), 1 survivors (2048K)
 Metaspace       used 82276K, committed 82624K, reserved 1179648K
  class space    used 9154K, committed 9344K, reserved 1048576K
}
Event: 26.578 GC heap before
{Heap before GC invocations=41 (full 0):
 garbage-first heap   total 167936K, used 116434K [0x0000000743400000, 0x0000000800000000)
  region size 2048K, 18 young (36864K), 1 survivors (2048K)
 Metaspace       used 82902K, committed 83200K, reserved 1179648K
  class space    used 9205K, committed 9344K, reserved 1048576K
}
Event: 26.587 GC heap after
{Heap after GC invocations=42 (full 0):
 garbage-first heap   total 167936K, used 82515K [0x0000000743400000, 0x0000000800000000)
  region size 2048K, 2 young (4096K), 2 survivors (4096K)
 Metaspace       used 82902K, committed 83200K, reserved 1179648K
  class space    used 9205K, committed 9344K, reserved 1048576K
}
Event: 26.733 GC heap before
{Heap before GC invocations=42 (full 0):
 garbage-first heap   total 167936K, used 86611K [0x0000000743400000, 0x0000000800000000)
  region size 2048K, 4 young (8192K), 2 survivors (4096K)
 Metaspace       used 84081K, committed 84416K, reserved 1179648K
  class space    used 9308K, committed 9472K, reserved 1048576K
}

